0 info it worked if it ends with ok
1 verbose cli [ '/Users/gtelljohann/.nvm/v0.10.32/bin/node',
1 verbose cli   '/Users/gtelljohann/.nvm/v0.10.32/bin/npm',
1 verbose cli   'start' ]
2 info using npm@1.4.28
3 info using node@v0.10.32
4 verbose run-script [ 'prestart', 'start', 'poststart' ]
5 info prestart gamify-the-classroom@1.0.0
6 info start gamify-the-classroom@1.0.0
7 verbose unsafe-perm in lifecycle true
8 info gamify-the-classroom@1.0.0 Failed to exec start script
9 error gamify-the-classroom@1.0.0 start: `./node_modules/nodemon/lib/nodemon.js server/app.js`
9 error Exit status 126
10 error Failed at the gamify-the-classroom@1.0.0 start script.
10 error This is most likely a problem with the gamify-the-classroom package,
10 error not with npm itself.
10 error Tell the author that this fails on your system:
10 error     ./node_modules/nodemon/lib/nodemon.js server/app.js
10 error You can get their info via:
10 error     npm owner ls gamify-the-classroom
10 error There is likely additional logging output above.
11 error System Darwin 14.5.0
12 error command "/Users/gtelljohann/.nvm/v0.10.32/bin/node" "/Users/gtelljohann/.nvm/v0.10.32/bin/npm" "start"
13 error cwd /Users/gtelljohann/Documents/fullstack/gamify-the-classroom
14 error node -v v0.10.32
15 error npm -v 1.4.28
16 error code ELIFECYCLE
17 verbose exit [ 1, true ]
